<?xml version="1.0" encoding="UTF-8"?>
<testng-results ignored="0" total="1" passed="1" failed="0" skipped="0">
  <reporter-output>
    <line>
      <![CDATA[Successfully Launched Chrome Browser]]>
    </line>
    <line>
      <![CDATA[Browser window is maximized successfully]]>
    </line>
    <line>
      <![CDATA[Home page is displayed successfully]]>
    </line>
    <line>
      <![CDATA[Data Downloads Page is displyed Successfully]]>
    </line>
    <line>
      <![CDATA[Product Image Music2 is displayed successfully ]]>
    </line>
    <line>
      <![CDATA[Product is added to cart successfully]]>
    </line>
    <line>
      <![CDATA[Shipping cart page is displayed Successfully]]>
    </line>
    <line>
      <![CDATA[Checkout page is displayed Successfully]]>
    </line>
    <line>
      <![CDATA[Your Order has been placed Successfully]]>
    </line>
  </reporter-output>
  <suite started-at="2022-03-03T09:55:08 IST" name="Default suite" finished-at="2022-03-03T09:55:27 IST" duration-ms="19618">
    <groups>
    </groups>
    <test started-at="2022-03-03T09:55:08 IST" name="Default test" finished-at="2022-03-03T09:55:27 IST" duration-ms="19618">
      <class name="webShop.TC_DD_35Test">
        <test-method is-config="true" signature="openTheBrowser(java.lang.String)[pri:0, instance:webShop.TC_DD_35Test@378542de]" started-at="2022-03-03T09:55:08 IST" name="openTheBrowser" finished-at="2022-03-03T09:55:11 IST" duration-ms="3255" status="PASS">
          <params>
            <param index="0">
              <value>
                <![CDATA[chrome]]>
              </value>
            </param>
          </params>
          <reporter-output>
            <line>
              <![CDATA[Successfully Launched Chrome Browser]]>
            </line>
            <line>
              <![CDATA[Browser window is maximized successfully]]>
            </line>
          </reporter-output>
        </test-method> <!-- openTheBrowser -->
        <test-method is-config="true" signature="loginToApplication()[pri:0, instance:webShop.TC_DD_35Test@378542de]" started-at="2022-03-03T09:55:11 IST" name="loginToApplication" finished-at="2022-03-03T09:55:16 IST" duration-ms="4623" status="PASS">
          <reporter-output>
          </reporter-output>
        </test-method> <!-- loginToApplication -->
        <test-method signature="PlaceOrder()[pri:0, instance:webShop.TC_DD_35Test@378542de]" started-at="2022-03-03T09:55:16 IST" name="PlaceOrder" finished-at="2022-03-03T09:55:25 IST" duration-ms="9049" status="PASS">
          <reporter-output>
            <line>
              <![CDATA[Home page is displayed successfully]]>
            </line>
            <line>
              <![CDATA[Data Downloads Page is displyed Successfully]]>
            </line>
            <line>
              <![CDATA[Product Image Music2 is displayed successfully ]]>
            </line>
            <line>
              <![CDATA[Product is added to cart successfully]]>
            </line>
            <line>
              <![CDATA[Shipping cart page is displayed Successfully]]>
            </line>
            <line>
              <![CDATA[Checkout page is displayed Successfully]]>
            </line>
            <line>
              <![CDATA[Your Order has been placed Successfully]]>
            </line>
          </reporter-output>
        </test-method> <!-- PlaceOrder -->
        <test-method is-config="true" signature="logoutOfApplication()[pri:0, instance:webShop.TC_DD_35Test@378542de]" started-at="2022-03-03T09:55:25 IST" name="logoutOfApplication" finished-at="2022-03-03T09:55:27 IST" duration-ms="2360" status="PASS">
          <reporter-output>
          </reporter-output>
        </test-method> <!-- logoutOfApplication -->
        <test-method is-config="true" signature="closeTheBrowser()[pri:0, instance:webShop.TC_DD_35Test@378542de]" started-at="2022-03-03T09:55:27 IST" name="closeTheBrowser" finished-at="2022-03-03T09:55:27 IST" duration-ms="241" status="PASS">
          <reporter-output>
          </reporter-output>
        </test-method> <!-- closeTheBrowser -->
      </class> <!-- webShop.TC_DD_35Test -->
    </test> <!-- Default test -->
  </suite> <!-- Default suite -->
</testng-results>
